<?xml version="1.0" encoding="UTF-8"?>
<testng-results skipped="0" failed="1" ignored="0" total="1" passed="0">
  <reporter-output>
  </reporter-output>
  <suite name="Suite" duration-ms="56055" started-at="2020-11-04T18:42:06Z" finished-at="2020-11-04T18:43:02Z">
    <groups>
    </groups>
    <test name="Test" duration-ms="56055" started-at="2020-11-04T18:42:06Z" finished-at="2020-11-04T18:43:02Z">
      <class name="TestRun.SampleTests">
        <test-method status="FAIL" signature="driversetUp(java.util.HashMap)[pri:0, instance:TestRun.SampleTests@13b32d7]" name="driversetUp" duration-ms="54303" started-at="2020-11-05T00:12:07Z" data-provider="ToolData" finished-at="2020-11-05T00:13:02Z">
          <params>
            <param index="0">
              <value>
                <![CDATA[{Laptop=apple macbook pro, ToRun=Yes, Mobile=iphone 11 pro max, Book=wings of fire}]]>
              </value>
            </param>
          </params>
          <exception class="org.openqa.selenium.NoSuchElementException">
            <message>
              <![CDATA[no such element: Unable to locate element: {"method":"xpath","selector":"//input[@id='twotabsearchtextbox']"}
  (Session info: chrome=86.0.4240.111)
For documentation on this error, please visit: https://selenium.dev/exceptions/#no_such_element
Build info: version: '4.0.0-alpha-6', revision: '5f43a29cfc'
System info: host: 'RAMKUMAR-PC', ip: '192.168.0.101', os.name: 'Windows 7', os.arch: 'x86', os.version: '6.1', java.version: '1.8.0_151'
Driver info: org.openqa.selenium.chrome.ChromeDriver
Capabilities {acceptInsecureCerts: false, browserName: chrome, browserVersion: 86.0.4240.111, chrome: {chromedriverVersion: 86.0.4240.22 (398b0743353ff..., userDataDir: C:\Users\Ramkumar\AppData\L...}, goog:chromeOptions: {debuggerAddress: localhost:49947}, javascriptEnabled: true, networkConnectionEnabled: false, pageLoadStrategy: normal, platform: WINDOWS, platformName: WINDOWS, proxy: Proxy(manual, http=localhos..., setWindowRect: true, strictFileInteractability: false, timeouts: {implicit: 0, pageLoad: 300000, script: 30000}, unhandledPromptBehavior: dismiss and notify, webauthn:virtualAuthenticators: true}
Session ID: 638d7e82edd91bc18710a37935a238c9
*** Element info: {Using=xpath, value=//input[@id='twotabsearchtextbox']}]]>
            </message>
            <full-stacktrace>
              <![CDATA[org.openqa.selenium.NoSuchElementException: no such element: Unable to locate element: {"method":"xpath","selector":"//input[@id='twotabsearchtextbox']"}
  (Session info: chrome=86.0.4240.111)
For documentation on this error, please visit: https://selenium.dev/exceptions/#no_such_element
Build info: version: '4.0.0-alpha-6', revision: '5f43a29cfc'
System info: host: 'RAMKUMAR-PC', ip: '192.168.0.101', os.name: 'Windows 7', os.arch: 'x86', os.version: '6.1', java.version: '1.8.0_151'
Driver info: org.openqa.selenium.chrome.ChromeDriver
Capabilities {acceptInsecureCerts: false, browserName: chrome, browserVersion: 86.0.4240.111, chrome: {chromedriverVersion: 86.0.4240.22 (398b0743353ff..., userDataDir: C:\Users\Ramkumar\AppData\L...}, goog:chromeOptions: {debuggerAddress: localhost:49947}, javascriptEnabled: true, networkConnectionEnabled: false, pageLoadStrategy: normal, platform: WINDOWS, platformName: WINDOWS, proxy: Proxy(manual, http=localhos..., setWindowRect: true, strictFileInteractability: false, timeouts: {implicit: 0, pageLoad: 300000, script: 30000}, unhandledPromptBehavior: dismiss and notify, webauthn:virtualAuthenticators: true}
Session ID: 638d7e82edd91bc18710a37935a238c9
*** Element info: {Using=xpath, value=//input[@id='twotabsearchtextbox']}
	at sun.reflect.NativeConstructorAccessorImpl.newInstance0(Native Method)
	at sun.reflect.NativeConstructorAccessorImpl.newInstance(Unknown Source)
	at sun.reflect.DelegatingConstructorAccessorImpl.newInstance(Unknown Source)
	at java.lang.reflect.Constructor.newInstance(Unknown Source)
	at org.openqa.selenium.remote.codec.w3c.W3CHttpResponseCodec.createException(W3CHttpResponseCodec.java:196)
	at org.openqa.selenium.remote.codec.w3c.W3CHttpResponseCodec.decode(W3CHttpResponseCodec.java:129)
	at org.openqa.selenium.remote.codec.w3c.W3CHttpResponseCodec.decode(W3CHttpResponseCodec.java:53)
	at org.openqa.selenium.remote.HttpCommandExecutor.execute(HttpCommandExecutor.java:160)
	at org.openqa.selenium.remote.service.DriverCommandExecutor.execute(DriverCommandExecutor.java:83)
	at org.openqa.selenium.remote.RemoteWebDriver.execute(RemoteWebDriver.java:582)
	at org.openqa.selenium.remote.RemoteWebDriver.findElement(RemoteWebDriver.java:333)
	at org.openqa.selenium.remote.RemoteWebDriver.findElementByXPath(RemoteWebDriver.java:451)
	at org.openqa.selenium.By$ByXPath.findElement(By.java:394)
	at org.openqa.selenium.remote.RemoteWebDriver.findElement(RemoteWebDriver.java:325)
	at Library.functionalLibrary.customsetText(functionalLibrary.java:39)
	at Pages.homePage.purchaseMobile(homePage.java:32)
	at TestRun.SampleTests.driversetUp(SampleTests.java:63)
	at sun.reflect.NativeMethodAccessorImpl.invoke0(Native Method)
	at sun.reflect.NativeMethodAccessorImpl.invoke(Unknown Source)
	at sun.reflect.DelegatingMethodAccessorImpl.invoke(Unknown Source)
	at java.lang.reflect.Method.invoke(Unknown Source)
	at org.testng.internal.MethodInvocationHelper.invokeMethod(MethodInvocationHelper.java:104)
	at org.testng.internal.Invoker.invokeMethod(Invoker.java:645)
	at org.testng.internal.Invoker.invokeTestMethod(Invoker.java:851)
	at org.testng.internal.TestMethodWithDataProviderMethodWorker.call(TestMethodWithDataProviderMethodWorker.java:75)
	at org.testng.internal.TestMethodWithDataProviderMethodWorker.call(TestMethodWithDataProviderMethodWorker.java:14)
	at java.util.concurrent.FutureTask.run(Unknown Source)
	at java.util.concurrent.Executors$RunnableAdapter.call(Unknown Source)
	at java.util.concurrent.FutureTask.run(Unknown Source)
	at java.util.concurrent.ThreadPoolExecutor.runWorker(Unknown Source)
	at java.util.concurrent.ThreadPoolExecutor$Worker.run(Unknown Source)
	at java.lang.Thread.run(Unknown Source)
]]>
            </full-stacktrace>
          </exception> <!-- org.openqa.selenium.NoSuchElementException -->
          <reporter-output>
          </reporter-output>
        </test-method> <!-- driversetUp -->
      </class> <!-- TestRun.SampleTests -->
    </test> <!-- Test -->
  </suite> <!-- Suite -->
</testng-results>
